android/build/intermediates/manifest_merge_blame_file/debug/manifest-merger-blame-debug-report.txt
1<?xml version="1.0" encoding="utf-8"?>
2<manifest xmlns:android="http://schemas.android.com/apk/res/android"
3    package="com.mygdx.gameco"
4    android:versionCode="1"
5    android:versionName="1.0" >
6
7    <uses-sdk
8        android:minSdkVersion="27"
8-->OAnQuan\android\AndroidManifest.xml
9        android:targetSdkVersion="31" />
9-->OAnQuan\android\AndroidManifest.xml
10
11    <uses-permission android:name="android.permission.INTERNET" />
11-->OAnQuan\android\AndroidManifest.xml:5:5-66
11-->OAnQuan\android\AndroidManifest.xml:5:22-64
12    <uses-permission android:name="android.permission.ACCESS_NETWORK_STATE" />
12-->OAnQuan\android\AndroidManifest.xml:6:5-79
12-->OAnQuan\android\AndroidManifest.xml:6:22-76
13
14    <application
14-->OAnQuan\android\AndroidManifest.xml:8:5-64:19
15        android:allowBackup="true"
15-->OAnQuan\android\AndroidManifest.xml:9:9-35
16        android:appCategory="game"
16-->OAnQuan\android\AndroidManifest.xml:10:9-35
17        android:appComponentFactory="androidx.core.app.CoreComponentFactory"
17-->[androidx.core:core:1.7.0] AndroidManifest.xml:24:18-86
18        android:debuggable="true"
19        android:extractNativeLibs="false"
20        android:icon="@drawable/ic_launcher"
20-->OAnQuan\android\AndroidManifest.xml:11:9-45
21        android:isGame="true"
21-->OAnQuan\android\AndroidManifest.xml:12:9-30
22        android:label="@string/app_name"
22-->OAnQuan\android\AndroidManifest.xml:13:9-41
23        android:testOnly="true"
24        android:theme="@style/GdxTheme" >
24-->OAnQuan\android\AndroidManifest.xml:14:9-40
25        <activity
25-->OAnQuan\android\AndroidManifest.xml:15:9-18:20
26            android:name="com.mygdx.gameco.Waiting_Room"
26-->OAnQuan\android\AndroidManifest.xml:16:13-41
27            android:exported="true" >
27-->OAnQuan\android\AndroidManifest.xml:17:13-36
28        </activity>
29        <activity
29-->OAnQuan\android\AndroidManifest.xml:19:9-22:20
30            android:name="com.mygdx.gameco.ChooseRoom"
30-->OAnQuan\android\AndroidManifest.xml:20:13-39
31            android:exported="true" >
31-->OAnQuan\android\AndroidManifest.xml:21:13-36
32        </activity>
33        <activity
33-->OAnQuan\android\AndroidManifest.xml:23:9-26:20
34            android:name="com.mygdx.gameco.EditInfo"
34-->OAnQuan\android\AndroidManifest.xml:24:13-37
35            android:exported="true" >
35-->OAnQuan\android\AndroidManifest.xml:25:13-36
36        </activity>
37        <activity
37-->OAnQuan\android\AndroidManifest.xml:27:9-30:20
38            android:name="com.mygdx.gameco.Menu"
38-->OAnQuan\android\AndroidManifest.xml:28:13-33
39            android:exported="true" >
39-->OAnQuan\android\AndroidManifest.xml:29:13-36
40        </activity>
41        <activity
41-->OAnQuan\android\AndroidManifest.xml:31:9-34:20
42            android:name="com.mygdx.gameco.ChooseGame"
42-->OAnQuan\android\AndroidManifest.xml:32:13-39
43            android:exported="true" >
43-->OAnQuan\android\AndroidManifest.xml:33:13-36
44        </activity>
45        <activity
45-->OAnQuan\android\AndroidManifest.xml:35:9-37:39
46            android:name="com.mygdx.gameco.SignUp"
46-->OAnQuan\android\AndroidManifest.xml:36:13-35
47            android:exported="true" />
47-->OAnQuan\android\AndroidManifest.xml:37:13-36
48        <activity
48-->OAnQuan\android\AndroidManifest.xml:38:9-41:20
49            android:name="com.mygdx.gameco.Login"
49-->OAnQuan\android\AndroidManifest.xml:39:13-34
50            android:exported="true" >
50-->OAnQuan\android\AndroidManifest.xml:40:13-36
51        </activity>
52        <activity
52-->OAnQuan\android\AndroidManifest.xml:42:9-50:20
53            android:name="com.mygdx.gameco.TabPlay"
53-->OAnQuan\android\AndroidManifest.xml:43:13-36
54            android:exported="true" >
54-->OAnQuan\android\AndroidManifest.xml:44:13-36
55            <intent-filter>
55-->OAnQuan\android\AndroidManifest.xml:45:13-49:29
56                <action android:name="android.intent.action.MAIN" />
56-->OAnQuan\android\AndroidManifest.xml:46:17-69
56-->OAnQuan\android\AndroidManifest.xml:46:25-66
57
58                <category android:name="android.intent.category.LAUNCHER" />
58-->OAnQuan\android\AndroidManifest.xml:48:17-77
58-->OAnQuan\android\AndroidManifest.xml:48:27-74
59            </intent-filter>
60        </activity>
61        <activity
61-->OAnQuan\android\AndroidManifest.xml:51:9-63:20
62            android:name="com.mygdx.gameco.AndroidLauncher"
62-->OAnQuan\android\AndroidManifest.xml:52:13-44
63            android:configChanges="keyboard|keyboardHidden|navigation|orientation|screenSize|screenLayout"
63-->OAnQuan\android\AndroidManifest.xml:53:13-107
64            android:exported="true"
64-->OAnQuan\android\AndroidManifest.xml:56:13-36
65            android:label="@string/app_name"
65-->OAnQuan\android\AndroidManifest.xml:54:13-45
66            android:screenOrientation="landscape" >
66-->OAnQuan\android\AndroidManifest.xml:55:13-50
67
68            <!--
69            <intent-filter>
70                <action android:name="android.intent.action.MAIN" />
71
72                <category android:name="android.intent.category.LAUNCHER" />
73            </intent-filter>
74            -->
75        </activity>
76
77        <provider
77-->[androidx.emoji2:emoji2:1.0.0] AndroidManifest.xml:26:9-34:20
78            android:name="androidx.startup.InitializationProvider"
78-->[androidx.emoji2:emoji2:1.0.0] AndroidManifest.xml:27:13-67
79            android:authorities="com.mygdx.gameco.androidx-startup"
79-->[androidx.emoji2:emoji2:1.0.0] AndroidManifest.xml:28:13-68
80            android:exported="false" >
80-->[androidx.emoji2:emoji2:1.0.0] AndroidManifest.xml:29:13-37
81            <meta-data
81-->[androidx.emoji2:emoji2:1.0.0] AndroidManifest.xml:31:13-33:52
82                android:name="androidx.emoji2.text.EmojiCompatInitializer"
82-->[androidx.emoji2:emoji2:1.0.0] AndroidManifest.xml:32:17-75
83                android:value="androidx.startup" />
83-->[androidx.emoji2:emoji2:1.0.0] AndroidManifest.xml:33:17-49
84            <meta-data
84-->[androidx.lifecycle:lifecycle-process:2.4.0] AndroidManifest.xml:31:13-33:52
85                android:name="androidx.lifecycle.ProcessLifecycleInitializer"
85-->[androidx.lifecycle:lifecycle-process:2.4.0] AndroidManifest.xml:32:17-78
86                android:value="androidx.startup" />
86-->[androidx.lifecycle:lifecycle-process:2.4.0] AndroidManifest.xml:33:17-49
87        </provider>
88    </application>
89
90</manifest>